<?xml version="1.0" encoding="UTF-8"?>
<!-- Generated by org.testng.reporters.JUnitReportReporter -->
<testsuite ignored="0" hostname="DESKTOP-2PTBOO6" failures="0" tests="1" name="TestCases.TestCase01" time="55.644" errors="0" timestamp="01 Mar 2021 13:38:39 GMT" skipped="0">
  <testcase classname="TestCases.TestCase01" name="ORHMLoginLogout" time="55.644"/>
</testsuite> <!-- TestCases.TestCase01 -->
