<?xml version="1.0" encoding="UTF-8"?>
<!-- Generated by org.testng.reporters.JUnitReportReporter -->
<testsuite ignored="0" hostname="DESKTOP-2PTBOO6" failures="0" tests="1" name="TestCases.TestCase02" time="32.992" errors="0" timestamp="01 Mar 2021 13:39:29 GMT" skipped="0">
  <testcase classname="TestCases.TestCase02" name="GoogleSearch" time="32.992"/>
</testsuite> <!-- TestCases.TestCase02 -->
